<?xml version="1.0" encoding="UTF-8"?>
<testng-results ignored="0" total="0" passed="0" failed="0" skipped="0">
  <reporter-output>
  </reporter-output>
  <suite started-at="2022-09-08T13:57:28 MSK" name="BaseTest" finished-at="2022-09-08T13:57:28 MSK" duration-ms="15">
    <groups>
    </groups>
    <test started-at="2022-09-08T13:57:28 MSK" name="Command line test" finished-at="2022-09-08T13:57:28 MSK" duration-ms="15">
    </test> <!-- Command line test -->
  </suite> <!-- BaseTest -->
</testng-results>
